<?xml version="1.0" encoding="UTF-8"?>
<!-- Generated by org.testng.reporters.JUnitXMLReporter -->
<testsuite ignored="0" hostname="Aaron" failures="2" tests="3" name="Surefire test" time="32.312" errors="0" timestamp="2025-03-18T17:02:41 GMT+08:00">
  <testcase classname="com.example.demo.MainPageTest" name="navigationToAllTools" time="5.836">
    <failure type="com.codeborne.selenide.ex.InvalidStateError" message="Invalid element state [By.xpath: //*[@data-test=&amp;apos;suggestion-action&amp;apos;]]: element click intercepted: Element &amp;lt;a data-test=&amp;quot;suggestion-action&amp;quot; type=&amp;quot;button&amp;quot; href=&amp;quot;/products/&amp;quot; class=&amp;quot;_main_xsnd5w_17 _modeRock_xsnd5w_242 _sizeS_xsnd5w_93 _alignIconLeft_xsnd5w_78 _light_xsnd5w_59&amp;quot;&amp;gt;...&amp;lt;/a&amp;gt; is not clickable at point (1009, 646). Other element would receive the click: &amp;lt;div data-nosnippet=&amp;quot;&amp;quot; class=&amp;quot;jetbrains-cookies-backdrop&amp;quot;&amp;gt;&amp;lt;/div&amp;gt;
Screenshot: file:/C:/Users/38676/Desktop/demo/build/reports/tests/1742288555060.0.png
Page source: file:/C:/Users/38676/Desktop/demo/build/reports/tests/1742288555060.0.html
Timeout: 4 s.
Caused by: ElementClickInterceptedException: element click intercepted: Element &amp;lt;a data-test=&amp;quot;suggestion-action&amp;quot; type=&amp;quot;button&amp;quot; href=&amp;quot;/products/&amp;quot; class=&amp;quot;_main_xsnd5w_17 _modeRock_xsnd5w_242 _sizeS_xsnd5w_93 _alignIconLeft_xsnd5w_78 _light_xsnd5w_59&amp;quot;&amp;gt;...&amp;lt;/a&amp;gt; is not clickable at point (1009, 646). Other element would receive the click: &amp;lt;div data-nosnippet=&amp;quot;&amp;quot; class=&amp;quot;jetbrains-cookies-backdrop&amp;quot;&amp;gt;&amp;lt;/div&amp;gt;">
      <![CDATA[Invalid element state [By.xpath: //*[@data-test='suggestion-action']]: element click intercepted: Element <a data-test="suggestion-action" type="button" href="/products/" class="_main_xsnd5w_17 _modeRock_xsnd5w_242 _sizeS_xsnd5w_93 _alignIconLeft_xsnd5w_78 _light_xsnd5w_59">...</a> is not clickable at point (1009, 646). Other element would receive the click: <div data-nosnippet="" class="jetbrains-cookies-backdrop"></div>
Screenshot: file:/C:/Users/38676/Desktop/demo/build/reports/tests/1742288555060.0.png
Page source: file:/C:/Users/38676/Desktop/demo/build/reports/tests/1742288555060.0.html
Timeout: 4 s.
Caused by: ElementClickInterceptedException: element click intercepted: Element <a data-test="suggestion-action" type="button" href="/products/" class="_main_xsnd5w_17 _modeRock_xsnd5w_242 _sizeS_xsnd5w_93 _alignIconLeft_xsnd5w_78 _light_xsnd5w_59">...</a> is not clickable at point (1009, 646). Other element would receive the click: <div data-nosnippet="" class="jetbrains-cookies-backdrop"></div>
at com.codeborne.selenide.impl.ExceptionWrapper.wrap(ExceptionWrapper.java:19)
at com.codeborne.selenide.impl.SelenideElementProxy.dispatchAndRetry(SelenideElementProxy.java:153)
at com.codeborne.selenide.impl.SelenideElementProxy.invoke(SelenideElementProxy.java:83)
at jdk.proxy2/jdk.proxy2.$Proxy5.click(Unknown Source)
at com.example.demo.MainPageTest.navigationToAllTools(MainPageTest.java:49)
at java.base/java.util.ArrayList.forEach(ArrayList.java:1511)
Caused by: org.openqa.selenium.ElementClickInterceptedException: element click intercepted: Element <a data-test="suggestion-action" type="button" href="/products/" class="_main_xsnd5w_17 _modeRock_xsnd5w_242 _sizeS_xsnd5w_93 _alignIconLeft_xsnd5w_78 _light_xsnd5w_59">...</a> is not clickable at point (1009, 646). Other element would receive the click: <div data-nosnippet="" class="jetbrains-cookies-backdrop"></div>
  (Session info: chrome=134.0.6998.89)
Build info: version: '4.26.0', revision: '8ccf0219d7'
System info: os.name: 'Windows 11', os.arch: 'amd64', os.version: '10.0', java.version: '17.0.10'
Driver info: org.openqa.selenium.chrome.ChromeDriver
Command: [4bc3046bfe5956e5e440c3bbd968b7ea, clickElement {id=f.AAC6CDA2D652EC5F8F0F806E2B1A5904.d.3EA3248640B74119895BCCF04309D17B.e.47}]
Capabilities {acceptInsecureCerts: true, browserName: chrome, browserVersion: 134.0.6998.89, chrome: {chromedriverVersion: 134.0.6998.88 (7e3d5c978c6d..., userDataDir: C:\Users\38676\AppData\Loca...}, fedcm:accounts: true, goog:chromeOptions: {debuggerAddress: localhost:49970}, networkConnectionEnabled: false, pageLoadStrategy: normal, platformName: windows, proxy: Proxy(), se:cdp: ws://localhost:49970/devtoo..., se:cdpVersion: 134.0.6998.89, setWindowRect: true, strictFileInteractability: false, timeouts: {implicit: 0, pageLoad: 300000, script: 30000}, unhandledPromptBehavior: accept, webauthn:extension:credBlob: true, webauthn:extension:largeBlob: true, webauthn:extension:minPinLength: true, webauthn:extension:prf: true, webauthn:virtualAuthenticators: true}
Element: [[ChromeDriver: chrome on windows (4bc3046bfe5956e5e440c3bbd968b7ea)] -> xpath: //*[@data-test='suggestion-action']]
Session ID: 4bc3046bfe5956e5e440c3bbd968b7ea
at org.openqa.selenium.remote.ErrorCodec.decode(ErrorCodec.java:167)
at org.openqa.selenium.remote.codec.w3c.W3CHttpResponseCodec.decode(W3CHttpResponseCodec.java:138)
at org.openqa.selenium.remote.codec.w3c.W3CHttpResponseCodec.decode(W3CHttpResponseCodec.java:50)
at org.openqa.selenium.remote.HttpCommandExecutor.execute(HttpCommandExecutor.java:190)
at org.openqa.selenium.remote.service.DriverCommandExecutor.invokeExecute(DriverCommandExecutor.java:216)
at org.openqa.selenium.remote.service.DriverCommandExecutor.execute(DriverCommandExecutor.java:174)
at org.openqa.selenium.remote.RemoteWebDriver.execute(RemoteWebDriver.java:545)
at org.openqa.selenium.remote.RemoteWebElement.execute(RemoteWebElement.java:223)
at org.openqa.selenium.remote.RemoteWebElement.click(RemoteWebElement.java:76)
at com.codeborne.selenide.commands.Click.defaultClick(Click.java:94)
at com.codeborne.selenide.commands.Click.doClick(Click.java:72)
at com.codeborne.selenide.commands.Click.click(Click.java:48)
at com.codeborne.selenide.commands.Click.execute(Click.java:28)
at com.codeborne.selenide.FluentCommand.execute(FluentCommand.java:23)
at com.codeborne.selenide.FluentCommand.execute(FluentCommand.java:19)
at com.codeborne.selenide.commands.Commands.execute(Commands.java:159)
at com.codeborne.selenide.impl.SelenideElementProxy.dispatchAndRetry(SelenideElementProxy.java:131)
... 36 more
... Removed 37 stack frames]]>
    </failure>
  </testcase> <!-- navigationToAllTools -->
  <testcase classname="com.example.demo.MainPageTest" name="search" time="4.818">
    <failure type="com.codeborne.selenide.ex.ElementNotFound" message="Element not found {[data-test=&amp;apos;search-input&amp;apos;]}
Expected: exist
Screenshot: file:/C:/Users/38676/Desktop/demo/build/reports/tests/1742288560616.1.png
Page source: file:/C:/Users/38676/Desktop/demo/build/reports/tests/1742288560616.1.html
Timeout: 4 s.
Caused by: NoSuchElementException: no such element: Unable to locate element: {&amp;quot;method&amp;quot;:&amp;quot;css selector&amp;quot;,&amp;quot;selector&amp;quot;:&amp;quot;[data-test=&amp;apos;search-input&amp;apos;]&amp;quot;}">
      <![CDATA[Element not found {[data-test='search-input']}
Expected: exist
Screenshot: file:/C:/Users/38676/Desktop/demo/build/reports/tests/1742288560616.1.png
Page source: file:/C:/Users/38676/Desktop/demo/build/reports/tests/1742288560616.1.html
Timeout: 4 s.
Caused by: NoSuchElementException: no such element: Unable to locate element: {"method":"css selector","selector":"[data-test='search-input']"}
at com.codeborne.selenide.impl.WebElementSource.createElementNotFoundError(WebElementSource.java:68)
at com.codeborne.selenide.impl.ElementFinder.createElementNotFoundError(ElementFinder.java:117)
at com.codeborne.selenide.impl.ExceptionWrapper.wrap(ExceptionWrapper.java:25)
at com.codeborne.selenide.impl.SelenideElementProxy.dispatchAndRetry(SelenideElementProxy.java:153)
at com.codeborne.selenide.impl.SelenideElementProxy.invoke(SelenideElementProxy.java:83)
at jdk.proxy2/jdk.proxy2.$Proxy5.sendKeys(Unknown Source)
at com.example.demo.MainPageTest.search(MainPageTest.java:33)
at java.base/java.util.ArrayList.forEach(ArrayList.java:1511)
Caused by: org.openqa.selenium.NoSuchElementException: no such element: Unable to locate element: {"method":"css selector","selector":"[data-test='search-input']"}
  (Session info: chrome=134.0.6998.89)
For documentation on this error, please visit: https://www.selenium.dev/documentation/webdriver/troubleshooting/errors#no-such-element-exception
Build info: version: '4.26.0', revision: '8ccf0219d7'
System info: os.name: 'Windows 11', os.arch: 'amd64', os.version: '10.0', java.version: '17.0.10'
Driver info: org.openqa.selenium.chrome.ChromeDriver
Command: [4bc3046bfe5956e5e440c3bbd968b7ea, findElement {value=[data-test='search-input'], using=css selector}]
Capabilities {acceptInsecureCerts: true, browserName: chrome, browserVersion: 134.0.6998.89, chrome: {chromedriverVersion: 134.0.6998.88 (7e3d5c978c6d..., userDataDir: C:\Users\38676\AppData\Loca...}, fedcm:accounts: true, goog:chromeOptions: {debuggerAddress: localhost:49970}, networkConnectionEnabled: false, pageLoadStrategy: normal, platformName: windows, proxy: Proxy(), se:cdp: ws://localhost:49970/devtoo..., se:cdpVersion: 134.0.6998.89, setWindowRect: true, strictFileInteractability: false, timeouts: {implicit: 0, pageLoad: 300000, script: 30000}, unhandledPromptBehavior: accept, webauthn:extension:credBlob: true, webauthn:extension:largeBlob: true, webauthn:extension:minPinLength: true, webauthn:extension:prf: true, webauthn:virtualAuthenticators: true}
Session ID: 4bc3046bfe5956e5e440c3bbd968b7ea
at org.openqa.selenium.remote.ErrorCodec.decode(ErrorCodec.java:167)
at org.openqa.selenium.remote.codec.w3c.W3CHttpResponseCodec.decode(W3CHttpResponseCodec.java:138)
at org.openqa.selenium.remote.codec.w3c.W3CHttpResponseCodec.decode(W3CHttpResponseCodec.java:50)
at org.openqa.selenium.remote.HttpCommandExecutor.execute(HttpCommandExecutor.java:190)
at org.openqa.selenium.remote.service.DriverCommandExecutor.invokeExecute(DriverCommandExecutor.java:216)
at org.openqa.selenium.remote.service.DriverCommandExecutor.execute(DriverCommandExecutor.java:174)
at org.openqa.selenium.remote.RemoteWebDriver.execute(RemoteWebDriver.java:545)
at org.openqa.selenium.remote.ElementLocation$ElementFinder$2.findElement(ElementLocation.java:165)
at org.openqa.selenium.remote.ElementLocation.findElement(ElementLocation.java:59)
at org.openqa.selenium.remote.RemoteWebDriver.findElement(RemoteWebDriver.java:368)
at org.openqa.selenium.remote.RemoteWebDriver.findElement(RemoteWebDriver.java:362)
at com.codeborne.selenide.impl.WebElementSelector.findElement(WebElementSelector.java:64)
at com.codeborne.selenide.impl.WebElementSelector.findElement(WebElementSelector.java:39)
at com.codeborne.selenide.impl.WebElementSelector.findElement(WebElementSelector.java:30)
at com.codeborne.selenide.impl.ElementFinder.getWebElement(ElementFinder.java:101)
at com.codeborne.selenide.impl.SelenideElementProxy.dispatchAndRetry(SelenideElementProxy.java:134)
... 36 more
... Removed 36 stack frames]]>
    </failure>
  </testcase> <!-- search -->
  <testcase classname="com.example.demo.MainPageTest" name="toolsMenu" time="0.184"/>
</testsuite> <!-- Surefire test -->
